  base.cpp
  data.cpp
  euleroperation.cpp
  main.cpp
D:\code\homework\modeling\modeling\thridlib\glm\glm\core\type_half.inl(138,3): warning C5033: “register”不再为受支持的存储类
D:\code\homework\modeling\modeling\thridlib\glm\glm\core\type_half.inl(139,3): warning C5033: “register”不再为受支持的存储类
D:\code\homework\modeling\modeling\thridlib\glm\glm\core\type_half.inl(140,3): warning C5033: “register”不再为受支持的存储类
D:\code\homework\modeling\modeling\thridlib\glm\glm\core\func_common.hpp(1,1): warning C4819: 该文件包含不能在当前代码页(936)中表示的字符。请将该文件保存为 Unicode 格式以防止数据丢失
D:\code\homework\modeling\modeling\thridlib\glm\glm\core\func_common.inl(1,1): warning C4819: 该文件包含不能在当前代码页(936)中表示的字符。请将该文件保存为 Unicode 格式以防止数据丢失
D:\code\homework\modeling\modeling\thridlib\glm\glm\core\func_integer.hpp(1,1): warning C4819: 该文件包含不能在当前代码页(936)中表示的字符。请将该文件保存为 Unicode 格式以防止数据丢失
D:\code\homework\modeling\modeling\src\main.cpp(13,20): warning C4244: “参数”: 从“int”转换到“float”，可能丢失数据
D:\code\homework\modeling\modeling\src\main.cpp(53,18): warning C4244: “参数”: 从“int”转换到“float”，可能丢失数据
D:\code\homework\modeling\modeling\src\main.cpp(68,18): warning C4244: “参数”: 从“int”转换到“float”，可能丢失数据
D:\code\homework\modeling\modeling\src\main.cpp(96,18): warning C4267: “=”: 从“size_t”转换到“int”，可能丢失数据
D:\code\homework\modeling\modeling\src\main.cpp(239,16): warning C4244: “初始化”: 从“double”转换到“GLfloat”，可能丢失数据
D:\code\homework\modeling\modeling\src\main.cpp(246,48): warning C4267: “参数”: 从“size_t”转换到“GLsizei”，可能丢失数据
  sweeping.cpp
  triangle.cpp
  正在生成代码...
glew32s.lib(glew.obj) : warning LNK4099: 未找到 PDB“”(使用“glew32s.lib(glew.obj)”或在“”中寻找)；正在链接对象，如同没有调试信息一样
LINK : warning LNK4098: 默认库“LIBCMT”与其他库的使用冲突；请使用 /NODEFAULTLIB:library
LINK : warning LNK4098: 默认库“MSVCRT”与其他库的使用冲突；请使用 /NODEFAULTLIB:library
  modeling.vcxproj -> D:\code\homework\modeling\modeling\x64\Debug\modeling.exe
